<?xml version="1.0" encoding="UTF-8"?>
<testng-results skipped="0" failed="0" total="1" passed="1">
  <reporter-output>
  </reporter-output>
  <suite name="Suite" duration-ms="5514" started-at="2019-03-14T01:11:00Z" finished-at="2019-03-14T01:11:06Z">
    <groups>
    </groups>
    <test name="Test" duration-ms="5514" started-at="2019-03-14T01:11:00Z" finished-at="2019-03-14T01:11:06Z">
      <class name="a1.testBaidu">
        <test-method status="PASS" signature="openfirefox()[pri:0, instance:a1.testBaidu@449b2d27]" name="openfirefox" duration-ms="5505" started-at="2019-03-14T09:11:00Z" finished-at="2019-03-14T09:11:06Z">
          <reporter-output>
          </reporter-output>
        </test-method> <!-- openfirefox -->
      </class> <!-- a1.testBaidu -->
    </test> <!-- Test -->
  </suite> <!-- Suite -->
</testng-results>
